# JRE version: OpenJDK Runtime Environment (8.0_152-b01) (build 1.8.0_152-release-915-b01)
# Java VM: OpenJDK 64-Bit Server VM (25.152-b01 mixed mode linux-amd64 compressed oops)
Heap:
 PSYoungGen      total 135680K, used 10229K [0x00000000e0000000, 0x00000000e8e80000, 0x0000000100000000)
  eden space 125440K, 0% used [0x00000000e0000000,0x00000000e0000000,0x00000000e7a80000)
  from space 10240K, 99% used [0x00000000e7a80000,0x00000000e847d4c0,0x00000000e8480000)
  to   space 9216K, 0% used [0x00000000e8500000,0x00000000e8500000,0x00000000e8e00000)
 ParOldGen       total 43520K, used 43270K [0x00000000a0000000, 0x00000000a2a80000, 0x00000000e0000000)
  object space 43520K, 99% used [0x00000000a0000000,0x00000000a2a41800,0x00000000a2a80000)
 Metaspace       used 53144K, capacity 54762K, committed 55000K, reserved 1097728K
  class space    used 7186K, capacity 7580K, committed 7680K, reserved 1048576K
GC Heap History (10 events):
Event: 21.033 GC heap after
Heap after GC invocations=12 (full 1):
 PSYoungGen      total 82944K, used 4956K [0x00000000e0000000, 0x00000000e6b00000, 0x0000000100000000)
  eden space 75776K, 0% used [0x00000000e0000000,0x00000000e0000000,0x00000000e4a00000)
  from space 7168K, 69% used [0x00000000e4a00000,0x00000000e4ed7200,0x00000000e5100000)
  to   space 7168K, 0% used [0x00000000e6400000,0x00000000e6400000,0x00000000e6b00000)
 ParOldGen       total 26624K, used 11086K [0x00000000a0000000, 0x00000000a1a00000, 0x00000000e0000000)
  object space 26624K, 41% used [0x00000000a0000000,0x00000000a0ad3978,0x00000000a1a00000)
 Metaspace       used 29616K, capacity 30100K, committed 30336K, reserved 1075200K
  class space    used 4049K, capacity 4201K, committed 4224K, reserved 1048576K
}
Event: 26.754 GC heap before
{Heap before GC invocations=13 (full 1):
 PSYoungGen      total 82944K, used 71177K [0x00000000e0000000, 0x00000000e6b00000, 0x0000000100000000)
  eden space 75776K, 87% used [0x00000000e0000000,0x00000000e40ab2e0,0x00000000e4a00000)
  from space 7168K, 69% used [0x00000000e4a00000,0x00000000e4ed7200,0x00000000e5100000)
  to   space 7168K, 0% used [0x00000000e6400000,0x00000000e6400000,0x00000000e6b00000)
 ParOldGen       total 26624K, used 11086K [0x00000000a0000000, 0x00000000a1a00000, 0x00000000e0000000)
  object space 26624K, 41% used [0x00000000a0000000,0x00000000a0ad3978,0x00000000a1a00000)
 Metaspace       used 34638K, capacity 35170K, committed 35416K, reserved 1079296K
  class space    used 4710K, capacity 4941K, committed 4992K, reserved 1048576K
Event: 26.789 GC heap after
Heap after GC invocations=13 (full 1):
 PSYoungGen      total 102400K, used 5388K [0x00000000e0000000, 0x00000000e7200000, 0x0000000100000000)
  eden space 95232K, 0% used [0x00000000e0000000,0x00000000e0000000,0x00000000e5d00000)
  from space 7168K, 75% used [0x00000000e6400000,0x00000000e6943320,0x00000000e6b00000)
  to   space 7168K, 0% used [0x00000000e5d00000,0x00000000e5d00000,0x00000000e6400000)
 ParOldGen       total 26624K, used 12599K [0x00000000a0000000, 0x00000000a1a00000, 0x00000000e0000000)
  object space 26624K, 47% used [0x00000000a0000000,0x00000000a0c4dc48,0x00000000a1a00000)
 Metaspace       used 34638K, capacity 35170K, committed 35416K, reserved 1079296K
  class space    used 4710K, capacity 4941K, committed 4992K, reserved 1048576K
}
Event: 26.789 GC heap before
{Heap before GC invocations=14 (full 2):
 PSYoungGen      total 102400K, used 5388K [0x00000000e0000000, 0x00000000e7200000, 0x0000000100000000)
  eden space 95232K, 0% used [0x00000000e0000000,0x00000000e0000000,0x00000000e5d00000)
  from space 7168K, 75% used [0x00000000e6400000,0x00000000e6943320,0x00000000e6b00000)
  to   space 7168K, 0% used [0x00000000e5d00000,0x00000000e5d00000,0x00000000e6400000)
 ParOldGen       total 26624K, used 12599K [0x00000000a0000000, 0x00000000a1a00000, 0x00000000e0000000)
  object space 26624K, 47% used [0x00000000a0000000,0x00000000a0c4dc48,0x00000000a1a00000)
 Metaspace       used 34638K, capacity 35170K, committed 35416K, reserved 1079296K
  class space    used 4710K, capacity 4941K, committed 4992K, reserved 1048576K
Event: 27.025 GC heap after
Heap after GC invocations=14 (full 2):
 PSYoungGen      total 102400K, used 0K [0x00000000e0000000, 0x00000000e7200000, 0x0000000100000000)
  eden space 95232K, 0% used [0x00000000e0000000,0x00000000e0000000,0x00000000e5d00000)
  from space 7168K, 0% used [0x00000000e6400000,0x00000000e6400000,0x00000000e6b00000)
  to   space 7168K, 0% used [0x00000000e5d00000,0x00000000e5d00000,0x00000000e6400000)
 ParOldGen       total 41472K, used 16041K [0x00000000a0000000, 0x00000000a2880000, 0x00000000e0000000)
  object space 41472K, 38% used [0x00000000a0000000,0x00000000a0faa500,0x00000000a2880000)
 Metaspace       used 34638K, capacity 35170K, committed 35416K, reserved 1079296K
  class space    used 4710K, capacity 4941K, committed 4992K, reserved 1048576K
}
Event: 30.794 GC heap before
{Heap before GC invocations=15 (full 2):
 PSYoungGen      total 102400K, used 95232K [0x00000000e0000000, 0x00000000e7200000, 0x0000000100000000)
  eden space 95232K, 100% used [0x00000000e0000000,0x00000000e5d00000,0x00000000e5d00000)
  from space 7168K, 0% used [0x00000000e6400000,0x00000000e6400000,0x00000000e6b00000)
  to   space 7168K, 0% used [0x00000000e5d00000,0x00000000e5d00000,0x00000000e6400000)
 ParOldGen       total 41472K, used 16041K [0x00000000a0000000, 0x00000000a2880000, 0x00000000e0000000)
  object space 41472K, 38% used [0x00000000a0000000,0x00000000a0faa500,0x00000000a2880000)
 Metaspace       used 40734K, capacity 41430K, committed 41816K, reserved 1085440K
  class space    used 5441K, capacity 5668K, committed 5760K, reserved 1048576K
Event: 30.831 GC heap after
Heap after GC invocations=15 (full 2):
 PSYoungGen      total 102400K, used 7141K [0x00000000e0000000, 0x00000000e8e00000, 0x0000000100000000)
  eden space 95232K, 0% used [0x00000000e0000000,0x00000000e0000000,0x00000000e5d00000)
  from space 7168K, 99% used [0x00000000e5d00000,0x00000000e63f9408,0x00000000e6400000)
  to   space 9216K, 0% used [0x00000000e8500000,0x00000000e8500000,0x00000000e8e00000)
 ParOldGen       total 41472K, used 19263K [0x00000000a0000000, 0x00000000a2880000, 0x00000000e0000000)
  object space 41472K, 46% used [0x00000000a0000000,0x00000000a12cfc58,0x00000000a2880000)
 Metaspace       used 40734K, capacity 41430K, committed 41816K, reserved 1085440K
  class space    used 5441K, capacity 5668K, committed 5760K, reserved 1048576K
}
Event: 35.627 GC heap before
{Heap before GC invocations=16 (full 2):
 PSYoungGen      total 102400K, used 102373K [0x00000000e0000000, 0x00000000e8e00000, 0x0000000100000000)
  eden space 95232K, 100% used [0x00000000e0000000,0x00000000e5d00000,0x00000000e5d00000)
  from space 7168K, 99% used [0x00000000e5d00000,0x00000000e63f9408,0x00000000e6400000)
  to   space 9216K, 0% used [0x00000000e8500000,0x00000000e8500000,0x00000000e8e00000)
 ParOldGen       total 41472K, used 19263K [0x00000000a0000000, 0x00000000a2880000, 0x00000000e0000000)
  object space 41472K, 46% used [0x00000000a0000000,0x00000000a12cfc58,0x00000000a2880000)
 Metaspace       used 48659K, capacity 50014K, committed 50264K, reserved 1093632K
  class space    used 6549K, capacity 6924K, committed 7040K, reserved 1048576K
Event: 35.690 GC heap after
Heap after GC invocations=16 (full 2):
 PSYoungGen      total 134656K, used 9014K [0x00000000e0000000, 0x00000000e8e80000, 0x0000000100000000)
  eden space 125440K, 0% used [0x00000000e0000000,0x00000000e0000000,0x00000000e7a80000)
  from space 9216K, 97% used [0x00000000e8500000,0x00000000e8dcd840,0x00000000e8e00000)
  to   space 10240K, 0% used [0x00000000e7a80000,0x00000000e7a80000,0x00000000e8480000)
 ParOldGen       total 41472K, used 25595K [0x00000000a0000000, 0x00000000a2880000, 0x00000000e0000000)
  object space 41472K, 61% used [0x00000000a0000000,0x00000000a18fedb0,0x00000000a2880000)
 Metaspace       used 48659K, capacity 50014K, committed 50264K, reserved 1093632K
  class space    used 6549K, capacity 6924K, committed 7040K, reserved 1048576K
}
Event: 45.885 GC heap before
{Heap before GC invocations=17 (full 2):
 PSYoungGen      total 134656K, used 134454K [0x00000000e0000000, 0x00000000e8e80000, 0x0000000100000000)
  eden space 125440K, 100% used [0x00000000e0000000,0x00000000e7a80000,0x00000000e7a80000)
  from space 9216K, 97% used [0x00000000e8500000,0x00000000e8dcd840,0x00000000e8e00000)
  to   space 10240K, 0% used [0x00000000e7a80000,0x00000000e7a80000,0x00000000e8480000)
 ParOldGen       total 41472K, used 25595K [0x00000000a0000000, 0x00000000a2880000, 0x00000000e0000000)
  object space 41472K, 61% used [0x00000000a0000000,0x00000000a18fedb0,0x00000000a2880000)
 Metaspace       used 53144K, capacity 54762K, committed 55000K, reserved 1097728K
  class space    used 7186K, capacity 7580K, committed 7680K, reserved 1048576K

