# JRE version: OpenJDK Runtime Environment (8.0_152-b01) (build 1.8.0_152-release-915-b01)
# Java VM: OpenJDK 64-Bit Server VM (25.152-b01 mixed mode linux-amd64 compressed oops)
Heap:
 PSYoungGen      total 329728K, used 25079K [0x00000000e0000000, 0x00000000f5f80000, 0x0000000100000000)
  eden space 304640K, 0% used [0x00000000e0000000,0x00000000e0000000,0x00000000f2980000)
  from space 25088K, 99% used [0x00000000f2980000,0x00000000f41fde10,0x00000000f4200000)
  to   space 18944K, 0% used [0x00000000f4200000,0x00000000f4200000,0x00000000f5480000)
 ParOldGen       total 119808K, used 119592K [0x00000000a0000000, 0x00000000a7500000, 0x00000000e0000000)
  object space 119808K, 99% used [0x00000000a0000000,0x00000000a74ca2a0,0x00000000a7500000)
 Metaspace       used 79280K, capacity 82826K, committed 83160K, reserved 1122304K
  class space    used 10092K, capacity 10949K, committed 11008K, reserved 1048576K
GC Heap History (10 events):
Event: 34.048 GC heap after
Heap after GC invocations=19 (full 3):
 PSYoungGen      total 233472K, used 6032K [0x00000000e0000000, 0x00000000efc00000, 0x0000000100000000)
  eden space 222208K, 0% used [0x00000000e0000000,0x00000000e0000000,0x00000000ed900000)
  from space 11264K, 53% used [0x00000000ef100000,0x00000000ef6e4240,0x00000000efc00000)
  to   space 17920K, 0% used [0x00000000ed900000,0x00000000ed900000,0x00000000eea80000)
 ParOldGen       total 88064K, used 54389K [0x00000000a0000000, 0x00000000a5600000, 0x00000000e0000000)
  object space 88064K, 61% used [0x00000000a0000000,0x00000000a351d4a8,0x00000000a5600000)
 Metaspace       used 67718K, capacity 70668K, committed 70872K, reserved 1110016K
  class space    used 8884K, capacity 9604K, committed 9728K, reserved 1048576K
}
Event: 36.517 GC heap before
{Heap before GC invocations=20 (full 3):
 PSYoungGen      total 233472K, used 228240K [0x00000000e0000000, 0x00000000efc00000, 0x0000000100000000)
  eden space 222208K, 100% used [0x00000000e0000000,0x00000000ed900000,0x00000000ed900000)
  from space 11264K, 53% used [0x00000000ef100000,0x00000000ef6e4240,0x00000000efc00000)
  to   space 17920K, 0% used [0x00000000ed900000,0x00000000ed900000,0x00000000eea80000)
 ParOldGen       total 88064K, used 54389K [0x00000000a0000000, 0x00000000a5600000, 0x00000000e0000000)
  object space 88064K, 61% used [0x00000000a0000000,0x00000000a351d4a8,0x00000000a5600000)
 Metaspace       used 68608K, capacity 71642K, committed 71896K, reserved 1112064K
  class space    used 8988K, capacity 9721K, committed 9728K, reserved 1048576K
Event: 36.529 GC heap after
Heap after GC invocations=20 (full 3):
 PSYoungGen      total 240128K, used 1262K [0x00000000e0000000, 0x00000000f2d00000, 0x0000000100000000)
  eden space 222208K, 0% used [0x00000000e0000000,0x00000000e0000000,0x00000000ed900000)
  from space 17920K, 7% used [0x00000000ed900000,0x00000000eda3b820,0x00000000eea80000)
  to   space 18432K, 0% used [0x00000000f1b00000,0x00000000f1b00000,0x00000000f2d00000)
 ParOldGen       total 88064K, used 57477K [0x00000000a0000000, 0x00000000a5600000, 0x00000000e0000000)
  object space 88064K, 65% used [0x00000000a0000000,0x00000000a3821568,0x00000000a5600000)
 Metaspace       used 68608K, capacity 71642K, committed 71896K, reserved 1112064K
  class space    used 8988K, capacity 9721K, committed 9728K, reserved 1048576K
}
Event: 1527.484 GC heap before
{Heap before GC invocations=21 (full 3):
 PSYoungGen      total 240128K, used 223470K [0x00000000e0000000, 0x00000000f2d00000, 0x0000000100000000)
  eden space 222208K, 100% used [0x00000000e0000000,0x00000000ed900000,0x00000000ed900000)
  from space 17920K, 7% used [0x00000000ed900000,0x00000000eda3b820,0x00000000eea80000)
  to   space 18432K, 0% used [0x00000000f1b00000,0x00000000f1b00000,0x00000000f2d00000)
 ParOldGen       total 88064K, used 57477K [0x00000000a0000000, 0x00000000a5600000, 0x00000000e0000000)
  object space 88064K, 65% used [0x00000000a0000000,0x00000000a3821568,0x00000000a5600000)
 Metaspace       used 69411K, capacity 72586K, committed 72920K, reserved 1112064K
  class space    used 9058K, capacity 9857K, committed 9984K, reserved 1048576K
Event: 1527.495 GC heap after
Heap after GC invocations=21 (full 3):
 PSYoungGen      total 276480K, used 2624K [0x00000000e0000000, 0x00000000f2600000, 0x0000000100000000)
  eden space 265216K, 0% used [0x00000000e0000000,0x00000000e0000000,0x00000000f0300000)
  from space 11264K, 23% used [0x00000000f1b00000,0x00000000f1d90010,0x00000000f2600000)
  to   space 17920K, 0% used [0x00000000f0300000,0x00000000f0300000,0x00000000f1480000)
 ParOldGen       total 88064K, used 57889K [0x00000000a0000000, 0x00000000a5600000, 0x00000000e0000000)
  object space 88064K, 65% used [0x00000000a0000000,0x00000000a38885a8,0x00000000a5600000)
 Metaspace       used 69411K, capacity 72586K, committed 72920K, reserved 1112064K
  class space    used 9058K, capacity 9857K, committed 9984K, reserved 1048576K
}
Event: 1540.165 GC heap before
{Heap before GC invocations=22 (full 3):
 PSYoungGen      total 276480K, used 267840K [0x00000000e0000000, 0x00000000f2600000, 0x0000000100000000)
  eden space 265216K, 100% used [0x00000000e0000000,0x00000000f0300000,0x00000000f0300000)
  from space 11264K, 23% used [0x00000000f1b00000,0x00000000f1d90010,0x00000000f2600000)
  to   space 17920K, 0% used [0x00000000f0300000,0x00000000f0300000,0x00000000f1480000)
 ParOldGen       total 88064K, used 57889K [0x00000000a0000000, 0x00000000a5600000, 0x00000000e0000000)
  object space 88064K, 65% used [0x00000000a0000000,0x00000000a38885a8,0x00000000a5600000)
 Metaspace       used 75512K, capacity 78836K, committed 78936K, reserved 1118208K
  class space    used 9722K, capacity 10556K, committed 10624K, reserved 1048576K
Event: 1540.228 GC heap after
Heap after GC invocations=22 (full 3):
 PSYoungGen      total 283136K, used 12047K [0x00000000e0000000, 0x00000000f5480000, 0x0000000100000000)
  eden space 265216K, 0% used [0x00000000e0000000,0x00000000e0000000,0x00000000f0300000)
  from space 17920K, 67% used [0x00000000f0300000,0x00000000f0ec3e28,0x00000000f1480000)
  to   space 18944K, 0% used [0x00000000f4200000,0x00000000f4200000,0x00000000f5480000)
 ParOldGen       total 88064K, used 59732K [0x00000000a0000000, 0x00000000a5600000, 0x00000000e0000000)
  object space 88064K, 67% used [0x00000000a0000000,0x00000000a3a553d8,0x00000000a5600000)
 Metaspace       used 75512K, capacity 78836K, committed 78936K, reserved 1118208K
  class space    used 9722K, capacity 10556K, committed 10624K, reserved 1048576K
}
Event: 1546.697 GC heap before
{Heap before GC invocations=23 (full 3):
 PSYoungGen      total 283136K, used 277263K [0x00000000e0000000, 0x00000000f5480000, 0x0000000100000000)
  eden space 265216K, 100% used [0x00000000e0000000,0x00000000f0300000,0x00000000f0300000)
  from space 17920K, 67% used [0x00000000f0300000,0x00000000f0ec3e28,0x00000000f1480000)
  to   space 18944K, 0% used [0x00000000f4200000,0x00000000f4200000,0x00000000f5480000)
 ParOldGen       total 88064K, used 59732K [0x00000000a0000000, 0x00000000a5600000, 0x00000000e0000000)
  object space 88064K, 67% used [0x00000000a0000000,0x00000000a3a553d8,0x00000000a5600000)
 Metaspace       used 78419K, capacity 81818K, committed 82008K, reserved 1120256K
  class space    used 10001K, capacity 10847K, committed 10880K, reserved 1048576K
Event: 1546.808 GC heap after
Heap after GC invocations=23 (full 3):
 PSYoungGen      total 323584K, used 18928K [0x00000000e0000000, 0x00000000f5f80000, 0x0000000100000000)
  eden space 304640K, 0% used [0x00000000e0000000,0x00000000e0000000,0x00000000f2980000)
  from space 18944K, 99% used [0x00000000f4200000,0x00000000f547c118,0x00000000f5480000)
  to   space 25088K, 0% used [0x00000000f2980000,0x00000000f2980000,0x00000000f4200000)
 ParOldGen       total 88064K, used 67665K [0x00000000a0000000, 0x00000000a5600000, 0x00000000e0000000)
  object space 88064K, 76% used [0x00000000a0000000,0x00000000a4214468,0x00000000a5600000)
 Metaspace       used 78419K, capacity 81818K, committed 82008K, reserved 1120256K
  class space    used 10001K, capacity 10847K, committed 10880K, reserved 1048576K
}
Event: 1549.182 GC heap before
{Heap before GC invocations=24 (full 3):
 PSYoungGen      total 323584K, used 323568K [0x00000000e0000000, 0x00000000f5f80000, 0x0000000100000000)
  eden space 304640K, 100% used [0x00000000e0000000,0x00000000f2980000,0x00000000f2980000)
  from space 18944K, 99% used [0x00000000f4200000,0x00000000f547c118,0x00000000f5480000)
  to   space 25088K, 0% used [0x00000000f2980000,0x00000000f2980000,0x00000000f4200000)
 ParOldGen       total 88064K, used 67665K [0x00000000a0000000, 0x00000000a5600000, 0x00000000e0000000)
  object space 88064K, 76% used [0x00000000a0000000,0x00000000a4214468,0x00000000a5600000)
 Metaspace       used 79280K, capacity 82826K, committed 83160K, reserved 1122304K
  class space    used 10092K, capacity 10949K, committed 11008K, reserved 1048576K

