# JRE version: OpenJDK Runtime Environment (8.0_152-b01) (build 1.8.0_152-release-915-b01)
# Java VM: OpenJDK 64-Bit Server VM (25.152-b01 mixed mode linux-amd64 compressed oops)
Heap:
 PSYoungGen      total 122368K, used 10739K [0x00000000e0000000, 0x00000000e8200000, 0x0000000100000000)
  eden space 111616K, 0% used [0x00000000e0000000,0x00000000e0000000,0x00000000e6d00000)
  from space 10752K, 99% used [0x00000000e6d00000,0x00000000e777cfe8,0x00000000e7780000)
  to   space 9728K, 0% used [0x00000000e7880000,0x00000000e7880000,0x00000000e8200000)
 ParOldGen       total 43008K, used 29570K [0x00000000a0000000, 0x00000000a2a00000, 0x00000000e0000000)
  object space 43008K, 68% used [0x00000000a0000000,0x00000000a1ce0810,0x00000000a2a00000)
 Metaspace       used 53385K, capacity 54912K, committed 55000K, reserved 1097728K
  class space    used 7233K, capacity 7627K, committed 7680K, reserved 1048576K
GC Heap History (10 events):
Event: 13.275 GC heap after
Heap after GC invocations=12 (full 1):
 PSYoungGen      total 70656K, used 2087K [0x00000000e0000000, 0x00000000e6500000, 0x0000000100000000)
  eden space 62464K, 0% used [0x00000000e0000000,0x00000000e0000000,0x00000000e3d00000)
  from space 8192K, 25% used [0x00000000e3d00000,0x00000000e3f09e80,0x00000000e4500000)
  to   space 8192K, 0% used [0x00000000e5d00000,0x00000000e5d00000,0x00000000e6500000)
 ParOldGen       total 28160K, used 12805K [0x00000000a0000000, 0x00000000a1b80000, 0x00000000e0000000)
  object space 28160K, 45% used [0x00000000a0000000,0x00000000a0c815c0,0x00000000a1b80000)
 Metaspace       used 30256K, capacity 30724K, committed 30976K, reserved 1075200K
  class space    used 4112K, capacity 4297K, committed 4352K, reserved 1048576K
}
Event: 14.987 GC heap before
{Heap before GC invocations=13 (full 1):
 PSYoungGen      total 70656K, used 32267K [0x00000000e0000000, 0x00000000e6500000, 0x0000000100000000)
  eden space 62464K, 48% used [0x00000000e0000000,0x00000000e1d78fe8,0x00000000e3d00000)
  from space 8192K, 25% used [0x00000000e3d00000,0x00000000e3f09e80,0x00000000e4500000)
  to   space 8192K, 0% used [0x00000000e5d00000,0x00000000e5d00000,0x00000000e6500000)
 ParOldGen       total 28160K, used 12805K [0x00000000a0000000, 0x00000000a1b80000, 0x00000000e0000000)
  object space 28160K, 45% used [0x00000000a0000000,0x00000000a0c815c0,0x00000000a1b80000)
 Metaspace       used 34621K, capacity 35154K, committed 35416K, reserved 1079296K
  class space    used 4697K, capacity 4909K, committed 4992K, reserved 1048576K
Event: 15.014 GC heap after
Heap after GC invocations=13 (full 1):
 PSYoungGen      total 93184K, used 4362K [0x00000000e0000000, 0x00000000e6380000, 0x0000000100000000)
  eden space 86528K, 0% used [0x00000000e0000000,0x00000000e0000000,0x00000000e5480000)
  from space 6656K, 65% used [0x00000000e5d00000,0x00000000e61428d8,0x00000000e6380000)
  to   space 7680K, 0% used [0x00000000e5480000,0x00000000e5480000,0x00000000e5c00000)
 ParOldGen       total 28160K, used 13845K [0x00000000a0000000, 0x00000000a1b80000, 0x00000000e0000000)
  object space 28160K, 49% used [0x00000000a0000000,0x00000000a0d85630,0x00000000a1b80000)
 Metaspace       used 34621K, capacity 35154K, committed 35416K, reserved 1079296K
  class space    used 4697K, capacity 4909K, committed 4992K, reserved 1048576K
}
Event: 15.014 GC heap before
{Heap before GC invocations=14 (full 2):
 PSYoungGen      total 93184K, used 4362K [0x00000000e0000000, 0x00000000e6380000, 0x0000000100000000)
  eden space 86528K, 0% used [0x00000000e0000000,0x00000000e0000000,0x00000000e5480000)
  from space 6656K, 65% used [0x00000000e5d00000,0x00000000e61428d8,0x00000000e6380000)
  to   space 7680K, 0% used [0x00000000e5480000,0x00000000e5480000,0x00000000e5c00000)
 ParOldGen       total 28160K, used 13845K [0x00000000a0000000, 0x00000000a1b80000, 0x00000000e0000000)
  object space 28160K, 49% used [0x00000000a0000000,0x00000000a0d85630,0x00000000a1b80000)
 Metaspace       used 34621K, capacity 35154K, committed 35416K, reserved 1079296K
  class space    used 4697K, capacity 4909K, committed 4992K, reserved 1048576K
Event: 15.173 GC heap after
Heap after GC invocations=14 (full 2):
 PSYoungGen      total 93184K, used 0K [0x00000000e0000000, 0x00000000e6380000, 0x0000000100000000)
  eden space 86528K, 0% used [0x00000000e0000000,0x00000000e0000000,0x00000000e5480000)
  from space 6656K, 0% used [0x00000000e5d00000,0x00000000e5d00000,0x00000000e6380000)
  to   space 7680K, 0% used [0x00000000e5480000,0x00000000e5480000,0x00000000e5c00000)
 ParOldGen       total 43008K, used 15544K [0x00000000a0000000, 0x00000000a2a00000, 0x00000000e0000000)
  object space 43008K, 36% used [0x00000000a0000000,0x00000000a0f2e2a8,0x00000000a2a00000)
 Metaspace       used 34621K, capacity 35154K, committed 35416K, reserved 1079296K
  class space    used 4697K, capacity 4909K, committed 4992K, reserved 1048576K
}
Event: 17.512 GC heap before
{Heap before GC invocations=15 (full 2):
 PSYoungGen      total 93184K, used 86528K [0x00000000e0000000, 0x00000000e6380000, 0x0000000100000000)
  eden space 86528K, 100% used [0x00000000e0000000,0x00000000e5480000,0x00000000e5480000)
  from space 6656K, 0% used [0x00000000e5d00000,0x00000000e5d00000,0x00000000e6380000)
  to   space 7680K, 0% used [0x00000000e5480000,0x00000000e5480000,0x00000000e5c00000)
 ParOldGen       total 43008K, used 15544K [0x00000000a0000000, 0x00000000a2a00000, 0x00000000e0000000)
  object space 43008K, 36% used [0x00000000a0000000,0x00000000a0f2e2a8,0x00000000a2a00000)
 Metaspace       used 40237K, capacity 40926K, committed 41432K, reserved 1085440K
  class space    used 5337K, capacity 5583K, committed 5632K, reserved 1048576K
Event: 17.534 GC heap after
Heap after GC invocations=15 (full 2):
 PSYoungGen      total 94208K, used 7677K [0x00000000e0000000, 0x00000000e8280000, 0x0000000100000000)
  eden space 86528K, 0% used [0x00000000e0000000,0x00000000e0000000,0x00000000e5480000)
  from space 7680K, 99% used [0x00000000e5480000,0x00000000e5bff7c0,0x00000000e5c00000)
  to   space 10240K, 0% used [0x00000000e7880000,0x00000000e7880000,0x00000000e8280000)
 ParOldGen       total 43008K, used 19272K [0x00000000a0000000, 0x00000000a2a00000, 0x00000000e0000000)
  object space 43008K, 44% used [0x00000000a0000000,0x00000000a12d2130,0x00000000a2a00000)
 Metaspace       used 40237K, capacity 40926K, committed 41432K, reserved 1085440K
  class space    used 5337K, capacity 5583K, committed 5632K, reserved 1048576K
}
Event: 20.594 GC heap before
{Heap before GC invocations=16 (full 2):
 PSYoungGen      total 94208K, used 94205K [0x00000000e0000000, 0x00000000e8280000, 0x0000000100000000)
  eden space 86528K, 100% used [0x00000000e0000000,0x00000000e5480000,0x00000000e5480000)
  from space 7680K, 99% used [0x00000000e5480000,0x00000000e5bff7c0,0x00000000e5c00000)
  to   space 10240K, 0% used [0x00000000e7880000,0x00000000e7880000,0x00000000e8280000)
 ParOldGen       total 43008K, used 19272K [0x00000000a0000000, 0x00000000a2a00000, 0x00000000e0000000)
  object space 43008K, 44% used [0x00000000a0000000,0x00000000a12d2130,0x00000000a2a00000)
 Metaspace       used 47026K, capacity 48010K, committed 48344K, reserved 1091584K
  class space    used 6272K, capacity 6570K, committed 6656K, reserved 1048576K
Event: 20.625 GC heap after
Heap after GC invocations=16 (full 2):
 PSYoungGen      total 121344K, used 8519K [0x00000000e0000000, 0x00000000e8200000, 0x0000000100000000)
  eden space 111616K, 0% used [0x00000000e0000000,0x00000000e0000000,0x00000000e6d00000)
  from space 9728K, 87% used [0x00000000e7880000,0x00000000e80d1df0,0x00000000e8200000)
  to   space 10752K, 0% used [0x00000000e6d00000,0x00000000e6d00000,0x00000000e7780000)
 ParOldGen       total 43008K, used 24373K [0x00000000a0000000, 0x00000000a2a00000, 0x00000000e0000000)
  object space 43008K, 56% used [0x00000000a0000000,0x00000000a17cd668,0x00000000a2a00000)
 Metaspace       used 47026K, capacity 48010K, committed 48344K, reserved 1091584K
  class space    used 6272K, capacity 6570K, committed 6656K, reserved 1048576K
}
Event: 25.136 GC heap before
{Heap before GC invocations=17 (full 2):
 PSYoungGen      total 121344K, used 120135K [0x00000000e0000000, 0x00000000e8200000, 0x0000000100000000)
  eden space 111616K, 100% used [0x00000000e0000000,0x00000000e6d00000,0x00000000e6d00000)
  from space 9728K, 87% used [0x00000000e7880000,0x00000000e80d1df0,0x00000000e8200000)
  to   space 10752K, 0% used [0x00000000e6d00000,0x00000000e6d00000,0x00000000e7780000)
 ParOldGen       total 43008K, used 24373K [0x00000000a0000000, 0x00000000a2a00000, 0x00000000e0000000)
  object space 43008K, 56% used [0x00000000a0000000,0x00000000a17cd668,0x00000000a2a00000)
 Metaspace       used 53385K, capacity 54912K, committed 55000K, reserved 1097728K
  class space    used 7233K, capacity 7627K, committed 7680K, reserved 1048576K

