# JRE version: OpenJDK Runtime Environment (8.0_152-b01) (build 1.8.0_152-release-915-b01)
# Java VM: OpenJDK 64-Bit Server VM (25.152-b01 mixed mode linux-amd64 compressed oops)
Heap:
 PSYoungGen      total 126464K, used 19945K [0x00000000e0000000, 0x00000000ea580000, 0x0000000100000000)
  eden space 106496K, 0% used [0x00000000e0000000,0x00000000e0000000,0x00000000e6800000)
  from space 19968K, 99% used [0x00000000e9200000,0x00000000ea57a590,0x00000000ea580000)
  to   space 14848K, 0% used [0x00000000e6800000,0x00000000e6800000,0x00000000e7680000)
 ParOldGen       total 52736K, used 31902K [0x00000000a0000000, 0x00000000a3380000, 0x00000000e0000000)
  object space 52736K, 60% used [0x00000000a0000000,0x00000000a1f27978,0x00000000a3380000)
 Metaspace       used 57226K, capacity 58886K, committed 59028K, reserved 1099776K
  class space    used 7703K, capacity 8128K, committed 8192K, reserved 1048576K
GC Heap History (10 events):
Event: 20.222 GC heap after
Heap after GC invocations=11 (full 1):
 PSYoungGen      total 94208K, used 3584K [0x00000000e0000000, 0x00000000e7580000, 0x0000000100000000)
  eden space 90624K, 0% used [0x00000000e0000000,0x00000000e0000000,0x00000000e5880000)
  from space 3584K, 100% used [0x00000000e6300000,0x00000000e6680000,0x00000000e6680000)
  to   space 10752K, 0% used [0x00000000e5880000,0x00000000e5880000,0x00000000e6300000)
 ParOldGen       total 34304K, used 17151K [0x00000000a0000000, 0x00000000a2180000, 0x00000000e0000000)
  object space 34304K, 49% used [0x00000000a0000000,0x00000000a10bfc10,0x00000000a2180000)
 Metaspace       used 34575K, capacity 35224K, committed 35416K, reserved 1079296K
  class space    used 4703K, capacity 4962K, committed 4992K, reserved 1048576K
}
Event: 20.222 GC heap before
{Heap before GC invocations=12 (full 2):
 PSYoungGen      total 94208K, used 3584K [0x00000000e0000000, 0x00000000e7580000, 0x0000000100000000)
  eden space 90624K, 0% used [0x00000000e0000000,0x00000000e0000000,0x00000000e5880000)
  from space 3584K, 100% used [0x00000000e6300000,0x00000000e6680000,0x00000000e6680000)
  to   space 10752K, 0% used [0x00000000e5880000,0x00000000e5880000,0x00000000e6300000)
 ParOldGen       total 34304K, used 17151K [0x00000000a0000000, 0x00000000a2180000, 0x00000000e0000000)
  object space 34304K, 49% used [0x00000000a0000000,0x00000000a10bfc10,0x00000000a2180000)
 Metaspace       used 34575K, capacity 35224K, committed 35416K, reserved 1079296K
  class space    used 4703K, capacity 4962K, committed 4992K, reserved 1048576K
Event: 20.467 GC heap after
Heap after GC invocations=12 (full 2):
 PSYoungGen      total 94208K, used 0K [0x00000000e0000000, 0x00000000e7580000, 0x0000000100000000)
  eden space 90624K, 0% used [0x00000000e0000000,0x00000000e0000000,0x00000000e5880000)
  from space 3584K, 0% used [0x00000000e6300000,0x00000000e6300000,0x00000000e6680000)
  to   space 10752K, 0% used [0x00000000e5880000,0x00000000e5880000,0x00000000e6300000)
 ParOldGen       total 52736K, used 15788K [0x00000000a0000000, 0x00000000a3380000, 0x00000000e0000000)
  object space 52736K, 29% used [0x00000000a0000000,0x00000000a0f6b068,0x00000000a3380000)
 Metaspace       used 34575K, capacity 35224K, committed 35416K, reserved 1079296K
  class space    used 4703K, capacity 4962K, committed 4992K, reserved 1048576K
}
Event: 22.739 GC heap before
{Heap before GC invocations=13 (full 2):
 PSYoungGen      total 94208K, used 90624K [0x00000000e0000000, 0x00000000e7580000, 0x0000000100000000)
  eden space 90624K, 100% used [0x00000000e0000000,0x00000000e5880000,0x00000000e5880000)
  from space 3584K, 0% used [0x00000000e6300000,0x00000000e6300000,0x00000000e6680000)
  to   space 10752K, 0% used [0x00000000e5880000,0x00000000e5880000,0x00000000e6300000)
 ParOldGen       total 52736K, used 15788K [0x00000000a0000000, 0x00000000a3380000, 0x00000000e0000000)
  object space 52736K, 29% used [0x00000000a0000000,0x00000000a0f6b068,0x00000000a3380000)
 Metaspace       used 40542K, capacity 41268K, committed 41816K, reserved 1085440K
  class space    used 5388K, capacity 5642K, committed 5760K, reserved 1048576K
Event: 22.749 GC heap after
Heap after GC invocations=13 (full 2):
 PSYoungGen      total 101376K, used 9556K [0x00000000e0000000, 0x00000000e8200000, 0x0000000100000000)
  eden space 90624K, 0% used [0x00000000e0000000,0x00000000e0000000,0x00000000e5880000)
  from space 10752K, 88% used [0x00000000e5880000,0x00000000e61d5138,0x00000000e6300000)
  to   space 11776K, 0% used [0x00000000e7680000,0x00000000e7680000,0x00000000e8200000)
 ParOldGen       total 52736K, used 15796K [0x00000000a0000000, 0x00000000a3380000, 0x00000000e0000000)
  object space 52736K, 29% used [0x00000000a0000000,0x00000000a0f6d068,0x00000000a3380000)
 Metaspace       used 40542K, capacity 41268K, committed 41816K, reserved 1085440K
  class space    used 5388K, capacity 5642K, committed 5760K, reserved 1048576K
}
Event: 25.699 GC heap before
{Heap before GC invocations=14 (full 2):
 PSYoungGen      total 101376K, used 100180K [0x00000000e0000000, 0x00000000e8200000, 0x0000000100000000)
  eden space 90624K, 100% used [0x00000000e0000000,0x00000000e5880000,0x00000000e5880000)
  from space 10752K, 88% used [0x00000000e5880000,0x00000000e61d5138,0x00000000e6300000)
  to   space 11776K, 0% used [0x00000000e7680000,0x00000000e7680000,0x00000000e8200000)
 ParOldGen       total 52736K, used 15796K [0x00000000a0000000, 0x00000000a3380000, 0x00000000e0000000)
  object space 52736K, 29% used [0x00000000a0000000,0x00000000a0f6d068,0x00000000a3380000)
 Metaspace       used 48005K, capacity 49240K, committed 49368K, reserved 1091584K
  class space    used 6447K, capacity 6835K, committed 6912K, reserved 1048576K
Event: 25.741 GC heap after
Heap after GC invocations=14 (full 2):
 PSYoungGen      total 118272K, used 11748K [0x00000000e0000000, 0x00000000e8880000, 0x0000000100000000)
  eden space 106496K, 0% used [0x00000000e0000000,0x00000000e0000000,0x00000000e6800000)
  from space 11776K, 99% used [0x00000000e7680000,0x00000000e81f9290,0x00000000e8200000)
  to   space 14848K, 0% used [0x00000000e6800000,0x00000000e6800000,0x00000000e7680000)
 ParOldGen       total 52736K, used 18616K [0x00000000a0000000, 0x00000000a3380000, 0x00000000e0000000)
  object space 52736K, 35% used [0x00000000a0000000,0x00000000a122e1f0,0x00000000a3380000)
 Metaspace       used 48005K, capacity 49240K, committed 49368K, reserved 1091584K
  class space    used 6447K, capacity 6835K, committed 6912K, reserved 1048576K
}
Event: 31.689 GC heap before
{Heap before GC invocations=15 (full 2):
 PSYoungGen      total 118272K, used 118244K [0x00000000e0000000, 0x00000000e8880000, 0x0000000100000000)
  eden space 106496K, 100% used [0x00000000e0000000,0x00000000e6800000,0x00000000e6800000)
  from space 11776K, 99% used [0x00000000e7680000,0x00000000e81f9290,0x00000000e8200000)
  to   space 14848K, 0% used [0x00000000e6800000,0x00000000e6800000,0x00000000e7680000)
 ParOldGen       total 52736K, used 18616K [0x00000000a0000000, 0x00000000a3380000, 0x00000000e0000000)
  object space 52736K, 35% used [0x00000000a0000000,0x00000000a122e1f0,0x00000000a3380000)
 Metaspace       used 52802K, capacity 54482K, committed 54744K, reserved 1095680K
  class space    used 7159K, capacity 7576K, committed 7680K, reserved 1048576K
Event: 31.774 GC heap after
Heap after GC invocations=15 (full 2):
 PSYoungGen      total 121344K, used 14829K [0x00000000e0000000, 0x00000000ea580000, 0x0000000100000000)
  eden space 106496K, 0% used [0x00000000e0000000,0x00000000e0000000,0x00000000e6800000)
  from space 14848K, 99% used [0x00000000e6800000,0x00000000e767b510,0x00000000e7680000)
  to   space 19968K, 0% used [0x00000000e9200000,0x00000000e9200000,0x00000000ea580000)
 ParOldGen       total 52736K, used 26413K [0x00000000a0000000, 0x00000000a3380000, 0x00000000e0000000)
  object space 52736K, 50% used [0x00000000a0000000,0x00000000a19cb5b8,0x00000000a3380000)
 Metaspace       used 52802K, capacity 54482K, committed 54744K, reserved 1095680K
  class space    used 7159K, capacity 7576K, committed 7680K, reserved 1048576K
}
Event: 37.382 GC heap before
{Heap before GC invocations=16 (full 2):
 PSYoungGen      total 121344K, used 57468K [0x00000000e0000000, 0x00000000ea580000, 0x0000000100000000)
  eden space 106496K, 40% used [0x00000000e0000000,0x00000000e29a3d68,0x00000000e6800000)
  from space 14848K, 99% used [0x00000000e6800000,0x00000000e767b510,0x00000000e7680000)
  to   space 19968K, 0% used [0x00000000e9200000,0x00000000e9200000,0x00000000ea580000)
 ParOldGen       total 52736K, used 26413K [0x00000000a0000000, 0x00000000a3380000, 0x00000000e0000000)
  object space 52736K, 50% used [0x00000000a0000000,0x00000000a19cb5b8,0x00000000a3380000)
 Metaspace       used 57226K, capacity 58886K, committed 59028K, reserved 1099776K
  class space    used 7703K, capacity 8128K, committed 8192K, reserved 1048576K

