# JRE version: OpenJDK Runtime Environment (8.0_152-b01) (build 1.8.0_152-release-915-b01)
# Java VM: OpenJDK 64-Bit Server VM (25.152-b01 mixed mode linux-amd64 compressed oops)
Heap:
 PSYoungGen      total 166400K, used 9561K [0x00000000e0000000, 0x00000000eda80000, 0x0000000100000000)
  eden space 144896K, 0% used [0x00000000e0000000,0x00000000e0000000,0x00000000e8d80000)
  from space 21504K, 44% used [0x00000000ea500000,0x00000000eae566e8,0x00000000eba00000)
  to   space 24064K, 0% used [0x00000000e8d80000,0x00000000e8d80000,0x00000000ea500000)
 ParOldGen       total 47616K, used 45223K [0x00000000a0000000, 0x00000000a2e80000, 0x00000000e0000000)
  object space 47616K, 94% used [0x00000000a0000000,0x00000000a2c29ed8,0x00000000a2e80000)
 Metaspace       used 53758K, capacity 55350K, committed 55512K, reserved 1097728K
  class space    used 7243K, capacity 7644K, committed 7680K, reserved 1048576K
GC Heap History (10 events):
Event: 39.707 GC heap after
Heap after GC invocations=12 (full 2):
 PSYoungGen      total 103424K, used 0K [0x00000000e0000000, 0x00000000e8b00000, 0x0000000100000000)
  eden space 93696K, 0% used [0x00000000e0000000,0x00000000e0000000,0x00000000e5b80000)
  from space 9728K, 0% used [0x00000000e6600000,0x00000000e6600000,0x00000000e6f80000)
  to   space 10752K, 0% used [0x00000000e5b80000,0x00000000e5b80000,0x00000000e6600000)
 ParOldGen       total 47616K, used 15870K [0x00000000a0000000, 0x00000000a2e80000, 0x00000000e0000000)
  object space 47616K, 33% used [0x00000000a0000000,0x00000000a0f7fb18,0x00000000a2e80000)
 Metaspace       used 34544K, capacity 35154K, committed 35416K, reserved 1079296K
  class space    used 4690K, capacity 4909K, committed 4992K, reserved 1048576K
}
Event: 46.247 GC heap before
{Heap before GC invocations=13 (full 2):
 PSYoungGen      total 103424K, used 93696K [0x00000000e0000000, 0x00000000e8b00000, 0x0000000100000000)
  eden space 93696K, 100% used [0x00000000e0000000,0x00000000e5b80000,0x00000000e5b80000)
  from space 9728K, 0% used [0x00000000e6600000,0x00000000e6600000,0x00000000e6f80000)
  to   space 10752K, 0% used [0x00000000e5b80000,0x00000000e5b80000,0x00000000e6600000)
 ParOldGen       total 47616K, used 15870K [0x00000000a0000000, 0x00000000a2e80000, 0x00000000e0000000)
  object space 47616K, 33% used [0x00000000a0000000,0x00000000a0f7fb18,0x00000000a2e80000)
 Metaspace       used 40552K, capacity 41196K, committed 41432K, reserved 1085440K
  class space    used 5399K, capacity 5630K, committed 5632K, reserved 1048576K
Event: 46.287 GC heap after
Heap after GC invocations=13 (full 2):
 PSYoungGen      total 104448K, used 10009K [0x00000000e0000000, 0x00000000e8a80000, 0x0000000100000000)
  eden space 93696K, 0% used [0x00000000e0000000,0x00000000e0000000,0x00000000e5b80000)
  from space 10752K, 93% used [0x00000000e5b80000,0x00000000e65465b8,0x00000000e6600000)
  to   space 12288K, 0% used [0x00000000e7e80000,0x00000000e7e80000,0x00000000e8a80000)
 ParOldGen       total 47616K, used 15878K [0x00000000a0000000, 0x00000000a2e80000, 0x00000000e0000000)
  object space 47616K, 33% used [0x00000000a0000000,0x00000000a0f81b18,0x00000000a2e80000)
 Metaspace       used 40552K, capacity 41196K, committed 41432K, reserved 1085440K
  class space    used 5399K, capacity 5630K, committed 5632K, reserved 1048576K
}
Event: 55.551 GC heap before
{Heap before GC invocations=14 (full 2):
 PSYoungGen      total 104448K, used 103705K [0x00000000e0000000, 0x00000000e8a80000, 0x0000000100000000)
  eden space 93696K, 100% used [0x00000000e0000000,0x00000000e5b80000,0x00000000e5b80000)
  from space 10752K, 93% used [0x00000000e5b80000,0x00000000e65465b8,0x00000000e6600000)
  to   space 12288K, 0% used [0x00000000e7e80000,0x00000000e7e80000,0x00000000e8a80000)
 ParOldGen       total 47616K, used 15878K [0x00000000a0000000, 0x00000000a2e80000, 0x00000000e0000000)
  object space 47616K, 33% used [0x00000000a0000000,0x00000000a0f81b18,0x00000000a2e80000)
 Metaspace       used 48536K, capacity 49706K, committed 49880K, reserved 1091584K
  class space    used 6516K, capacity 6874K, committed 6912K, reserved 1048576K
Event: 55.733 GC heap after
Heap after GC invocations=14 (full 2):
 PSYoungGen      total 126976K, used 12265K [0x00000000e0000000, 0x00000000e9280000, 0x0000000100000000)
  eden space 114688K, 0% used [0x00000000e0000000,0x00000000e0000000,0x00000000e7000000)
  from space 12288K, 99% used [0x00000000e7e80000,0x00000000e8a7a680,0x00000000e8a80000)
  to   space 14848K, 0% used [0x00000000e7000000,0x00000000e7000000,0x00000000e7e80000)
 ParOldGen       total 47616K, used 18833K [0x00000000a0000000, 0x00000000a2e80000, 0x00000000e0000000)
  object space 47616K, 39% used [0x00000000a0000000,0x00000000a1264490,0x00000000a2e80000)
 Metaspace       used 48536K, capacity 49706K, committed 49880K, reserved 1091584K
  class space    used 6516K, capacity 6874K, committed 6912K, reserved 1048576K
}
Event: 70.063 GC heap before
{Heap before GC invocations=15 (full 2):
 PSYoungGen      total 126976K, used 121252K [0x00000000e0000000, 0x00000000e9280000, 0x0000000100000000)
  eden space 114688K, 95% used [0x00000000e0000000,0x00000000e6a6eb28,0x00000000e7000000)
  from space 12288K, 99% used [0x00000000e7e80000,0x00000000e8a7a680,0x00000000e8a80000)
  to   space 14848K, 0% used [0x00000000e7000000,0x00000000e7000000,0x00000000e7e80000)
 ParOldGen       total 47616K, used 18833K [0x00000000a0000000, 0x00000000a2e80000, 0x00000000e0000000)
  object space 47616K, 39% used [0x00000000a0000000,0x00000000a1264490,0x00000000a2e80000)
 Metaspace       used 53117K, capacity 54774K, committed 55000K, reserved 1097728K
  class space    used 7177K, capacity 7580K, committed 7680K, reserved 1048576K
Event: 70.274 GC heap after
Heap after GC invocations=15 (full 2):
 PSYoungGen      total 129536K, used 14821K [0x00000000e0000000, 0x00000000eba00000, 0x0000000100000000)
  eden space 114688K, 0% used [0x00000000e0000000,0x00000000e0000000,0x00000000e7000000)
  from space 14848K, 99% used [0x00000000e7000000,0x00000000e7e796e0,0x00000000e7e80000)
  to   space 21504K, 0% used [0x00000000ea500000,0x00000000ea500000,0x00000000eba00000)
 ParOldGen       total 47616K, used 30824K [0x00000000a0000000, 0x00000000a2e80000, 0x00000000e0000000)
  object space 47616K, 64% used [0x00000000a0000000,0x00000000a1e1a290,0x00000000a2e80000)
 Metaspace       used 53117K, capacity 54774K, committed 55000K, reserved 1097728K
  class space    used 7177K, capacity 7580K, committed 7680K, reserved 1048576K
}
Event: 73.332 GC heap before
{Heap before GC invocations=16 (full 2):
 PSYoungGen      total 129536K, used 129509K [0x00000000e0000000, 0x00000000eba00000, 0x0000000100000000)
  eden space 114688K, 100% used [0x00000000e0000000,0x00000000e7000000,0x00000000e7000000)
  from space 14848K, 99% used [0x00000000e7000000,0x00000000e7e796e0,0x00000000e7e80000)
  to   space 21504K, 0% used [0x00000000ea500000,0x00000000ea500000,0x00000000eba00000)
 ParOldGen       total 47616K, used 30824K [0x00000000a0000000, 0x00000000a2e80000, 0x00000000e0000000)
  object space 47616K, 64% used [0x00000000a0000000,0x00000000a1e1a290,0x00000000a2e80000)
 Metaspace       used 53758K, capacity 55350K, committed 55512K, reserved 1097728K
  class space    used 7243K, capacity 7644K, committed 7680K, reserved 1048576K
Event: 75.484 GC heap after
Heap after GC invocations=16 (full 2):
 PSYoungGen      total 166400K, used 18877K [0x00000000e0000000, 0x00000000eda80000, 0x0000000100000000)
  eden space 144896K, 0% used [0x00000000e0000000,0x00000000e0000000,0x00000000e8d80000)
  from space 21504K, 87% used [0x00000000ea500000,0x00000000eb76f550,0x00000000eba00000)
  to   space 24064K, 0% used [0x00000000e8d80000,0x00000000e8d80000,0x00000000ea500000)
 ParOldGen       total 47616K, used 42134K [0x00000000a0000000, 0x00000000a2e80000, 0x00000000e0000000)
  object space 47616K, 88% used [0x00000000a0000000,0x00000000a2925a50,0x00000000a2e80000)
 Metaspace       used 53758K, capacity 55350K, committed 55512K, reserved 1097728K
  class space    used 7243K, capacity 7644K, committed 7680K, reserved 1048576K
}
Event: 75.628 GC heap before
{Heap before GC invocations=17 (full 3):
 PSYoungGen      total 166400K, used 18877K [0x00000000e0000000, 0x00000000eda80000, 0x0000000100000000)
  eden space 144896K, 0% used [0x00000000e0000000,0x00000000e0000000,0x00000000e8d80000)
  from space 21504K, 87% used [0x00000000ea500000,0x00000000eb76f550,0x00000000eba00000)
  to   space 24064K, 0% used [0x00000000e8d80000,0x00000000e8d80000,0x00000000ea500000)
 ParOldGen       total 47616K, used 42134K [0x00000000a0000000, 0x00000000a2e80000, 0x00000000e0000000)
  object space 47616K, 88% used [0x00000000a0000000,0x00000000a2925a50,0x00000000a2e80000)
 Metaspace       used 53758K, capacity 55350K, committed 55512K, reserved 1097728K
  class space    used 7243K, capacity 7644K, committed 7680K, reserved 1048576K

