# JRE version: OpenJDK Runtime Environment (8.0_152-b01) (build 1.8.0_152-release-915-b01)
# Java VM: OpenJDK 64-Bit Server VM (25.152-b01 mixed mode linux-amd64 compressed oops)
Heap:
 PSYoungGen      total 227840K, used 42489K [0x00000000e0000000, 0x00000000f0f80000, 0x0000000100000000)
  eden space 185344K, 0% used [0x00000000e0000000,0x00000000e0000000,0x00000000eb500000)
  from space 42496K, 99% used [0x00000000eb500000,0x00000000ede7e790,0x00000000ede80000)
  to   space 35840K, 0% used [0x00000000ede80000,0x00000000ede80000,0x00000000f0180000)
 ParOldGen       total 128512K, used 92580K [0x00000000a0000000, 0x00000000a7d80000, 0x00000000e0000000)
  object space 128512K, 72% used [0x00000000a0000000,0x00000000a5a69040,0x00000000a7d80000)
 Metaspace       used 65300K, capacity 67956K, committed 68184K, reserved 1107968K
  class space    used 8405K, capacity 8975K, committed 9088K, reserved 1048576K
GC Heap History (10 events):
Event: 101.415 GC heap after
Heap after GC invocations=22 (full 3):
 PSYoungGen      total 160256K, used 10935K [0x00000000e0000000, 0x00000000eba00000, 0x0000000100000000)
  eden space 145920K, 0% used [0x00000000e0000000,0x00000000e0000000,0x00000000e8e80000)
  from space 14336K, 76% used [0x00000000e8e80000,0x00000000e992df98,0x00000000e9c80000)
  to   space 14848K, 0% used [0x00000000eab80000,0x00000000eab80000,0x00000000eba00000)
 ParOldGen       total 75776K, used 34071K [0x00000000a0000000, 0x00000000a4a00000, 0x00000000e0000000)
  object space 75776K, 44% used [0x00000000a0000000,0x00000000a2145fa0,0x00000000a4a00000)
 Metaspace       used 64440K, capacity 67102K, committed 67288K, reserved 1107968K
  class space    used 8323K, capacity 8904K, committed 8960K, reserved 1048576K
}
Event: 101.930 GC heap before
{Heap before GC invocations=23 (full 3):
 PSYoungGen      total 160256K, used 156855K [0x00000000e0000000, 0x00000000eba00000, 0x0000000100000000)
  eden space 145920K, 100% used [0x00000000e0000000,0x00000000e8e80000,0x00000000e8e80000)
  from space 14336K, 76% used [0x00000000e8e80000,0x00000000e992df98,0x00000000e9c80000)
  to   space 14848K, 0% used [0x00000000eab80000,0x00000000eab80000,0x00000000eba00000)
 ParOldGen       total 75776K, used 34071K [0x00000000a0000000, 0x00000000a4a00000, 0x00000000e0000000)
  object space 75776K, 44% used [0x00000000a0000000,0x00000000a2145fa0,0x00000000a4a00000)
 Metaspace       used 64604K, capacity 67242K, committed 67544K, reserved 1107968K
  class space    used 8340K, capacity 8906K, committed 8960K, reserved 1048576K
Event: 102.031 GC heap after
Heap after GC invocations=23 (full 3):
 PSYoungGen      total 162304K, used 14839K [0x00000000e0000000, 0x00000000eec00000, 0x0000000100000000)
  eden space 147456K, 0% used [0x00000000e0000000,0x00000000e0000000,0x00000000e9000000)
  from space 14848K, 99% used [0x00000000eab80000,0x00000000eb9fdf58,0x00000000eba00000)
  to   space 28160K, 0% used [0x00000000e9000000,0x00000000e9000000,0x00000000eab80000)
 ParOldGen       total 75776K, used 64354K [0x00000000a0000000, 0x00000000a4a00000, 0x00000000e0000000)
  object space 75776K, 84% used [0x00000000a0000000,0x00000000a3ed8ae8,0x00000000a4a00000)
 Metaspace       used 64604K, capacity 67242K, committed 67544K, reserved 1107968K
  class space    used 8340K, capacity 8906K, committed 8960K, reserved 1048576K
}
Event: 102.032 GC heap before
{Heap before GC invocations=24 (full 4):
 PSYoungGen      total 162304K, used 14839K [0x00000000e0000000, 0x00000000eec00000, 0x0000000100000000)
  eden space 147456K, 0% used [0x00000000e0000000,0x00000000e0000000,0x00000000e9000000)
  from space 14848K, 99% used [0x00000000eab80000,0x00000000eb9fdf58,0x00000000eba00000)
  to   space 28160K, 0% used [0x00000000e9000000,0x00000000e9000000,0x00000000eab80000)
 ParOldGen       total 75776K, used 64354K [0x00000000a0000000, 0x00000000a4a00000, 0x00000000e0000000)
  object space 75776K, 84% used [0x00000000a0000000,0x00000000a3ed8ae8,0x00000000a4a00000)
 Metaspace       used 64604K, capacity 67242K, committed 67544K, reserved 1107968K
  class space    used 8340K, capacity 8906K, committed 8960K, reserved 1048576K
Event: 102.388 GC heap after
Heap after GC invocations=24 (full 4):
 PSYoungGen      total 162304K, used 0K [0x00000000e0000000, 0x00000000eec00000, 0x0000000100000000)
  eden space 147456K, 0% used [0x00000000e0000000,0x00000000e0000000,0x00000000e9000000)
  from space 14848K, 0% used [0x00000000eab80000,0x00000000eab80000,0x00000000eba00000)
  to   space 28160K, 0% used [0x00000000e9000000,0x00000000e9000000,0x00000000eab80000)
 ParOldGen       total 128512K, used 70014K [0x00000000a0000000, 0x00000000a7d80000, 0x00000000e0000000)
  object space 128512K, 54% used [0x00000000a0000000,0x00000000a445fb08,0x00000000a7d80000)
 Metaspace       used 64602K, capacity 67236K, committed 67544K, reserved 1107968K
  class space    used 8339K, capacity 8905K, committed 8960K, reserved 1048576K
}
Event: 103.009 GC heap before
{Heap before GC invocations=25 (full 4):
 PSYoungGen      total 162304K, used 147456K [0x00000000e0000000, 0x00000000eec00000, 0x0000000100000000)
  eden space 147456K, 100% used [0x00000000e0000000,0x00000000e9000000,0x00000000e9000000)
  from space 14848K, 0% used [0x00000000eab80000,0x00000000eab80000,0x00000000eba00000)
  to   space 28160K, 0% used [0x00000000e9000000,0x00000000e9000000,0x00000000eab80000)
 ParOldGen       total 128512K, used 70014K [0x00000000a0000000, 0x00000000a7d80000, 0x00000000e0000000)
  object space 128512K, 54% used [0x00000000a0000000,0x00000000a445fb08,0x00000000a7d80000)
 Metaspace       used 64727K, capacity 67398K, committed 67544K, reserved 1107968K
  class space    used 8352K, capacity 8938K, committed 8960K, reserved 1048576K
Event: 103.088 GC heap after
Heap after GC invocations=25 (full 4):
 PSYoungGen      total 175616K, used 28129K [0x00000000e0000000, 0x00000000f0180000, 0x0000000100000000)
  eden space 147456K, 0% used [0x00000000e0000000,0x00000000e0000000,0x00000000e9000000)
  from space 28160K, 99% used [0x00000000e9000000,0x00000000eab78788,0x00000000eab80000)
  to   space 35840K, 0% used [0x00000000ede80000,0x00000000ede80000,0x00000000f0180000)
 ParOldGen       total 128512K, used 78379K [0x00000000a0000000, 0x00000000a7d80000, 0x00000000e0000000)
  object space 128512K, 60% used [0x00000000a0000000,0x00000000a4c8ad70,0x00000000a7d80000)
 Metaspace       used 64727K, capacity 67398K, committed 67544K, reserved 1107968K
  class space    used 8352K, capacity 8938K, committed 8960K, reserved 1048576K
}
Event: 104.586 GC heap before
{Heap before GC invocations=26 (full 4):
 PSYoungGen      total 175616K, used 175585K [0x00000000e0000000, 0x00000000f0180000, 0x0000000100000000)
  eden space 147456K, 100% used [0x00000000e0000000,0x00000000e9000000,0x00000000e9000000)
  from space 28160K, 99% used [0x00000000e9000000,0x00000000eab78788,0x00000000eab80000)
  to   space 35840K, 0% used [0x00000000ede80000,0x00000000ede80000,0x00000000f0180000)
 ParOldGen       total 128512K, used 78379K [0x00000000a0000000, 0x00000000a7d80000, 0x00000000e0000000)
  object space 128512K, 60% used [0x00000000a0000000,0x00000000a4c8ad70,0x00000000a7d80000)
 Metaspace       used 65213K, capacity 67814K, committed 68184K, reserved 1107968K
  class space    used 8402K, capacity 8970K, committed 9088K, reserved 1048576K
Event: 104.711 GC heap after
Heap after GC invocations=26 (full 4):
 PSYoungGen      total 221184K, used 35835K [0x00000000e0000000, 0x00000000f0f80000, 0x0000000100000000)
  eden space 185344K, 0% used [0x00000000e0000000,0x00000000e0000000,0x00000000eb500000)
  from space 35840K, 99% used [0x00000000ede80000,0x00000000f017ecd8,0x00000000f0180000)
  to   space 42496K, 0% used [0x00000000eb500000,0x00000000eb500000,0x00000000ede80000)
 ParOldGen       total 128512K, used 79860K [0x00000000a0000000, 0x00000000a7d80000, 0x00000000e0000000)
  object space 128512K, 62% used [0x00000000a0000000,0x00000000a4dfd040,0x00000000a7d80000)
 Metaspace       used 65213K, capacity 67814K, committed 68184K, reserved 1107968K
  class space    used 8402K, capacity 8970K, committed 9088K, reserved 1048576K
}
Event: 105.987 GC heap before
{Heap before GC invocations=27 (full 4):
 PSYoungGen      total 221184K, used 221179K [0x00000000e0000000, 0x00000000f0f80000, 0x0000000100000000)
  eden space 185344K, 100% used [0x00000000e0000000,0x00000000eb500000,0x00000000eb500000)
  from space 35840K, 99% used [0x00000000ede80000,0x00000000f017ecd8,0x00000000f0180000)
  to   space 42496K, 0% used [0x00000000eb500000,0x00000000eb500000,0x00000000ede80000)
 ParOldGen       total 128512K, used 79860K [0x00000000a0000000, 0x00000000a7d80000, 0x00000000e0000000)
  object space 128512K, 62% used [0x00000000a0000000,0x00000000a4dfd040,0x00000000a7d80000)
 Metaspace       used 65300K, capacity 67956K, committed 68184K, reserved 1107968K
  class space    used 8405K, capacity 8975K, committed 9088K, reserved 1048576K

