# JRE version: OpenJDK Runtime Environment (8.0_151-b12) (build 1.8.0_151-8u151-b12-0ubuntu0.16.04.2-b12)
# Java VM: OpenJDK 64-Bit Server VM (25.151-b12 mixed mode linux-amd64 compressed oops)
Heap:
 PSYoungGen      total 104960K, used 6654K [0x00000000f0580000, 0x00000000f7280000, 0x0000000100000000)
  eden space 98304K, 0% used [0x00000000f0580000,0x00000000f0580000,0x00000000f6580000)
  from space 6656K, 99% used [0x00000000f6580000,0x00000000f6bffad0,0x00000000f6c00000)
  to   space 6656K, 0% used [0x00000000f6c00000,0x00000000f6c00000,0x00000000f7280000)
 ParOldGen       total 29184K, used 14341K [0x00000000d1000000, 0x00000000d2c80000, 0x00000000f0580000)
  object space 29184K, 49% used [0x00000000d1000000,0x00000000d1e01788,0x00000000d2c80000)
 Metaspace       used 25874K, capacity 26190K, committed 26496K, reserved 1073152K
  class space    used 3274K, capacity 3365K, committed 3456K, reserved 1048576K
GC Heap History (10 events):
Event: 5.407 GC heap after
Heap after GC invocations=5 (full 0):
 PSYoungGen      total 26624K, used 2034K [0x00000000f0580000, 0x00000000f4080000, 0x0000000100000000)
  eden space 24576K, 0% used [0x00000000f0580000,0x00000000f0580000,0x00000000f1d80000)
  from space 2048K, 99% used [0x00000000f1d80000,0x00000000f1f7cb08,0x00000000f1f80000)
  to   space 5632K, 0% used [0x00000000f3b00000,0x00000000f3b00000,0x00000000f4080000)
 ParOldGen       total 32768K, used 8022K [0x00000000d1000000, 0x00000000d3000000, 0x00000000f0580000)
  object space 32768K, 24% used [0x00000000d1000000,0x00000000d17d5b08,0x00000000d3000000)
 Metaspace       used 16038K, capacity 16278K, committed 16384K, reserved 1062912K
  class space    used 1949K, capacity 2021K, committed 2048K, reserved 1048576K
}
Event: 5.767 GC heap before
{Heap before GC invocations=6 (full 0):
 PSYoungGen      total 26624K, used 26610K [0x00000000f0580000, 0x00000000f4080000, 0x0000000100000000)
  eden space 24576K, 100% used [0x00000000f0580000,0x00000000f1d80000,0x00000000f1d80000)
  from space 2048K, 99% used [0x00000000f1d80000,0x00000000f1f7cb08,0x00000000f1f80000)
  to   space 5632K, 0% used [0x00000000f3b00000,0x00000000f3b00000,0x00000000f4080000)
 ParOldGen       total 32768K, used 8022K [0x00000000d1000000, 0x00000000d3000000, 0x00000000f0580000)
  object space 32768K, 24% used [0x00000000d1000000,0x00000000d17d5b08,0x00000000d3000000)
 Metaspace       used 17476K, capacity 17806K, committed 17920K, reserved 1064960K
  class space    used 2136K, capacity 2229K, committed 2304K, reserved 1048576K
Event: 5.775 GC heap after
Heap after GC invocations=6 (full 0):
 PSYoungGen      total 53760K, used 3838K [0x00000000f0580000, 0x00000000f3f80000, 0x0000000100000000)
  eden space 49152K, 0% used [0x00000000f0580000,0x00000000f0580000,0x00000000f3580000)
  from space 4608K, 83% used [0x00000000f3b00000,0x00000000f3ebfa88,0x00000000f3f80000)
  to   space 5120K, 0% used [0x00000000f3580000,0x00000000f3580000,0x00000000f3a80000)
 ParOldGen       total 32768K, used 8030K [0x00000000d1000000, 0x00000000d3000000, 0x00000000f0580000)
  object space 32768K, 24% used [0x00000000d1000000,0x00000000d17d7b08,0x00000000d3000000)
 Metaspace       used 17476K, capacity 17806K, committed 17920K, reserved 1064960K
  class space    used 2136K, capacity 2229K, committed 2304K, reserved 1048576K
}
Event: 6.463 GC heap before
{Heap before GC invocations=7 (full 0):
 PSYoungGen      total 53760K, used 52990K [0x00000000f0580000, 0x00000000f3f80000, 0x0000000100000000)
  eden space 49152K, 100% used [0x00000000f0580000,0x00000000f3580000,0x00000000f3580000)
  from space 4608K, 83% used [0x00000000f3b00000,0x00000000f3ebfa88,0x00000000f3f80000)
  to   space 5120K, 0% used [0x00000000f3580000,0x00000000f3580000,0x00000000f3a80000)
 ParOldGen       total 32768K, used 8030K [0x00000000d1000000, 0x00000000d3000000, 0x00000000f0580000)
  object space 32768K, 24% used [0x00000000d1000000,0x00000000d17d7b08,0x00000000d3000000)
 Metaspace       used 19413K, capacity 19762K, committed 19968K, reserved 1067008K
  class space    used 2405K, capacity 2491K, committed 2560K, reserved 1048576K
Event: 6.485 GC heap after
Heap after GC invocations=7 (full 0):
 PSYoungGen      total 54272K, used 5118K [0x00000000f0580000, 0x00000000f7280000, 0x0000000100000000)
  eden space 49152K, 0% used [0x00000000f0580000,0x00000000f0580000,0x00000000f3580000)
  from space 5120K, 99% used [0x00000000f3580000,0x00000000f3a7fa68,0x00000000f3a80000)
  to   space 6656K, 0% used [0x00000000f6c00000,0x00000000f6c00000,0x00000000f7280000)
 ParOldGen       total 32768K, used 9177K [0x00000000d1000000, 0x00000000d3000000, 0x00000000f0580000)
  object space 32768K, 28% used [0x00000000d1000000,0x00000000d18f66f0,0x00000000d3000000)
 Metaspace       used 19413K, capacity 19762K, committed 19968K, reserved 1067008K
  class space    used 2405K, capacity 2491K, committed 2560K, reserved 1048576K
}
Event: 6.836 GC heap before
{Heap before GC invocations=8 (full 0):
 PSYoungGen      total 54272K, used 35041K [0x00000000f0580000, 0x00000000f7280000, 0x0000000100000000)
  eden space 49152K, 60% used [0x00000000f0580000,0x00000000f22b89e8,0x00000000f3580000)
  from space 5120K, 99% used [0x00000000f3580000,0x00000000f3a7fa68,0x00000000f3a80000)
  to   space 6656K, 0% used [0x00000000f6c00000,0x00000000f6c00000,0x00000000f7280000)
 ParOldGen       total 32768K, used 9177K [0x00000000d1000000, 0x00000000d3000000, 0x00000000f0580000)
  object space 32768K, 28% used [0x00000000d1000000,0x00000000d18f66f0,0x00000000d3000000)
 Metaspace       used 20841K, capacity 21176K, committed 21296K, reserved 1069056K
  class space    used 2600K, capacity 2684K, committed 2688K, reserved 1048576K
Event: 6.857 GC heap after
Heap after GC invocations=8 (full 0):
 PSYoungGen      total 104960K, used 5473K [0x00000000f0580000, 0x00000000f7280000, 0x0000000100000000)
  eden space 98304K, 0% used [0x00000000f0580000,0x00000000f0580000,0x00000000f6580000)
  from space 6656K, 82% used [0x00000000f6c00000,0x00000000f7158440,0x00000000f7280000)
  to   space 6656K, 0% used [0x00000000f6580000,0x00000000f6580000,0x00000000f6c00000)
 ParOldGen       total 32768K, used 9377K [0x00000000d1000000, 0x00000000d3000000, 0x00000000f0580000)
  object space 32768K, 28% used [0x00000000d1000000,0x00000000d19286f0,0x00000000d3000000)
 Metaspace       used 20841K, capacity 21176K, committed 21296K, reserved 1069056K
  class space    used 2600K, capacity 2684K, committed 2688K, reserved 1048576K
}
Event: 6.857 GC heap before
{Heap before GC invocations=9 (full 1):
 PSYoungGen      total 104960K, used 5473K [0x00000000f0580000, 0x00000000f7280000, 0x0000000100000000)
  eden space 98304K, 0% used [0x00000000f0580000,0x00000000f0580000,0x00000000f6580000)
  from space 6656K, 82% used [0x00000000f6c00000,0x00000000f7158440,0x00000000f7280000)
  to   space 6656K, 0% used [0x00000000f6580000,0x00000000f6580000,0x00000000f6c00000)
 ParOldGen       total 32768K, used 9377K [0x00000000d1000000, 0x00000000d3000000, 0x00000000f0580000)
  object space 32768K, 28% used [0x00000000d1000000,0x00000000d19286f0,0x00000000d3000000)
 Metaspace       used 20841K, capacity 21176K, committed 21296K, reserved 1069056K
  class space    used 2600K, capacity 2684K, committed 2688K, reserved 1048576K
Event: 6.961 GC heap after
Heap after GC invocations=9 (full 1):
 PSYoungGen      total 104960K, used 0K [0x00000000f0580000, 0x00000000f7280000, 0x0000000100000000)
  eden space 98304K, 0% used [0x00000000f0580000,0x00000000f0580000,0x00000000f6580000)
  from space 6656K, 0% used [0x00000000f6c00000,0x00000000f6c00000,0x00000000f7280000)
  to   space 6656K, 0% used [0x00000000f6580000,0x00000000f6580000,0x00000000f6c00000)
 ParOldGen       total 29184K, used 9169K [0x00000000d1000000, 0x00000000d2c80000, 0x00000000f0580000)
  object space 29184K, 31% used [0x00000000d1000000,0x00000000d18f4598,0x00000000d2c80000)
 Metaspace       used 20841K, capacity 21176K, committed 21296K, reserved 1069056K
  class space    used 2600K, capacity 2684K, committed 2688K, reserved 1048576K
}
Event: 10.396 GC heap before
{Heap before GC invocations=10 (full 1):
 PSYoungGen      total 104960K, used 98304K [0x00000000f0580000, 0x00000000f7280000, 0x0000000100000000)
  eden space 98304K, 100% used [0x00000000f0580000,0x00000000f6580000,0x00000000f6580000)
  from space 6656K, 0% used [0x00000000f6c00000,0x00000000f6c00000,0x00000000f7280000)
  to   space 6656K, 0% used [0x00000000f6580000,0x00000000f6580000,0x00000000f6c00000)
 ParOldGen       total 29184K, used 9169K [0x00000000d1000000, 0x00000000d2c80000, 0x00000000f0580000)
  object space 29184K, 31% used [0x00000000d1000000,0x00000000d18f4598,0x00000000d2c80000)
 Metaspace       used 25874K, capacity 26190K, committed 26496K, reserved 1073152K
  class space    used 3274K, capacity 3365K, committed 3456K, reserved 1048576K

